<?xml version="1.0" encoding="UTF-8"?>
<coverage generated="1517200092181" clover="3.2.0">
  <project timestamp="1517200092181" name="All files">
    <metrics statements="6" coveredstatements="6" conditionals="0" coveredconditionals="0" methods="5" coveredmethods="5" elements="11" coveredelements="11" complexity="0" loc="6" ncloc="6" packages="3" files="3" classes="3">
      <package name="actions">
        <metrics statements="3" coveredstatements="3" conditionals="0" coveredconditionals="0" methods="4" coveredmethods="4"/>
        <file name="index.js" path="/Users/ozaki/Applications/javascript/hyperapp_sample/src/actions/index.js">
          <metrics statements="3" coveredstatements="3" conditionals="0" coveredconditionals="0" methods="4" coveredmethods="4"/>
          <line num="1" count="1" type="stmt"/>
          <line num="2" count="1" type="stmt"/>
          <line num="3" count="1" type="stmt"/>
        </file>
      </package>
      <package name="components">
        <metrics statements="2" coveredstatements="2" conditionals="0" coveredconditionals="0" methods="1" coveredmethods="1"/>
        <file name="Counter.js" path="/Users/ozaki/Applications/javascript/hyperapp_sample/src/components/Counter.js">
          <metrics statements="2" coveredstatements="2" conditionals="0" coveredconditionals="0" methods="1" coveredmethods="1"/>
          <line num="3" count="1" type="stmt"/>
          <line num="4" count="3" type="stmt"/>
        </file>
      </package>
      <package name="state">
        <metrics statements="1" coveredstatements="1" conditionals="0" coveredconditionals="0" methods="0" coveredmethods="0"/>
        <file name="index.js" path="/Users/ozaki/Applications/javascript/hyperapp_sample/src/state/index.js">
          <metrics statements="1" coveredstatements="1" conditionals="0" coveredconditionals="0" methods="0" coveredmethods="0"/>
          <line num="1" count="1" type="stmt"/>
        </file>
      </package>
    </metrics>
  </project>
</coverage>
