{"/Users/ozaki/Applications/javascript/hyperapp_sample/src/actions/index.js": {"path":"/Users/ozaki/Applications/javascript/hyperapp_sample/src/actions/index.js","statementMap":{"0":{"start":{"line":1,"column":16},"end":{"line":4,"column":1}},"1":{"start":{"line":2,"column":14},"end":{"line":2,"column":51}},"2":{"start":{"line":2,"column":30},"end":{"line":2,"column":50}},"3":{"start":{"line":3,"column":12},"end":{"line":3,"column":49}},"4":{"start":{"line":3,"column":28},"end":{"line":3,"column":48}}},"fnMap":{"0":{"name":"(anonymous_0)","decl":{"start":{"line":2,"column":8},"end":{"line":2,"column":9}},"loc":{"start":{"line":2,"column":14},"end":{"line":2,"column":51}},"line":2},"1":{"name":"(anonymous_1)","decl":{"start":{"line":2,"column":14},"end":{"line":2,"column":15}},"loc":{"start":{"line":2,"column":30},"end":{"line":2,"column":50}},"line":2},"2":{"name":"(anonymous_2)","decl":{"start":{"line":3,"column":6},"end":{"line":3,"column":7}},"loc":{"start":{"line":3,"column":12},"end":{"line":3,"column":49}},"line":3},"3":{"name":"(anonymous_3)","decl":{"start":{"line":3,"column":12},"end":{"line":3,"column":13}},"loc":{"start":{"line":3,"column":28},"end":{"line":3,"column":48}},"line":3}},"branchMap":{},"s":{"0":1,"1":1,"2":1,"3":1,"4":1},"f":{"0":1,"1":1,"2":1,"3":1},"b":{},"_coverageSchema":"332fd63041d2c1bcb487cc26dd0d5f7d97098a6c","hash":"4146faf15e0afe7aea88d2c43af67e001568bdaf"}
,"/Users/ozaki/Applications/javascript/hyperapp_sample/src/components/Counter.js": {"path":"/Users/ozaki/Applications/javascript/hyperapp_sample/src/components/Counter.js","statementMap":{"0":{"start":{"line":3,"column":16},"end":{"line":9,"column":1}},"1":{"start":{"line":4,"column":2},"end":{"line":8,"column":9}}},"fnMap":{"0":{"name":"(anonymous_0)","decl":{"start":{"line":3,"column":16},"end":{"line":3,"column":17}},"loc":{"start":{"line":4,"column":2},"end":{"line":8,"column":9}},"line":4}},"branchMap":{},"s":{"0":1,"1":3},"f":{"0":3},"b":{},"_coverageSchema":"332fd63041d2c1bcb487cc26dd0d5f7d97098a6c","hash":"9a71b93e298bbdf0f193e777f92e35eaae34f007"}
,"/Users/ozaki/Applications/javascript/hyperapp_sample/src/state/index.js": {"path":"/Users/ozaki/Applications/javascript/hyperapp_sample/src/state/index.js","statementMap":{"0":{"start":{"line":1,"column":14},"end":{"line":3,"column":1}}},"fnMap":{},"branchMap":{},"s":{"0":1},"f":{},"b":{},"_coverageSchema":"332fd63041d2c1bcb487cc26dd0d5f7d97098a6c","hash":"2b450d433dbbcd6f8fcd2b1cce5a583ff92e9c04"}
}
